build/app/outputs/mapping/release/seeds.txt
io.flutter.plugins.firebase.firestore.GeneratedAndroidFirebaseFirestore$ServerTimestampBehavior: io.flutter.plugins.firebase.firestore.GeneratedAndroidFirebaseFirestore$ServerTimestampBehavior[] values()
com.google.firebase.firestore.core.OrderBy$Direction: com.google.firebase.firestore.core.OrderBy$Direction[] values()
androidx.appcompat.widget.Toolbar: Toolbar(android.content.Context,android.util.AttributeSet)
androidx.appcompat.widget.AppCompatImageView: void setSupportBackgroundTintMode(android.graphics.PorterDuff$Mode)
androidx.appcompat.widget.AppCompatImageButton: void setImageDrawable(android.graphics.drawable.Drawable)
androidx.core.os.UserManagerCompat$Api24Impl: boolean isUserUnlocked(android.content.Context)
io.flutter.embedding.android.FlutterActivityLaunchConfigs$BackgroundMode: io.flutter.embedding.android.FlutterActivityLaunchConfigs$BackgroundMode[] values()
com.google.protobuf.FieldType$Collection: com.google.protobuf.FieldType$Collection[] values()
io.flutter.plugins.imagepicker.Messages$CacheRetrievalType: io.flutter.plugins.imagepicker.Messages$CacheRetrievalType valueOf(java.lang.String)
io.flutter.plugins.firebase.firestore.GeneratedAndroidFirebaseFirestore$PigeonTransactionType: io.flutter.plugins.firebase.firestore.GeneratedAndroidFirebaseFirestore$PigeonTransactionType valueOf(java.lang.String)
androidx.appcompat.widget.LinearLayoutCompat: int getBaseline()
com.google.firebase.firestore.LoadBundleTaskProgress$TaskState: com.google.firebase.firestore.LoadBundleTaskProgress$TaskState[] values()
androidx.core.app.NotificationCompatBuilder$Api21Impl: android.app.Notification$Builder addPerson(android.app.Notification$Builder,java.lang.String)
io.flutter.embedding.engine.FlutterJNI: io.flutter.embedding.engine.FlutterJNI spawn(java.lang.String,java.lang.String,java.lang.String,java.util.List)
androidx.appcompat.widget.SearchView: int getSuggestionCommitIconResId()
androidx.appcompat.widget.ViewStubCompat: void setVisibility(int)
androidx.activity.Api34Impl: int swipeEdge(android.window.BackEvent)
com.google.firebase.storage.FirebaseStorageKtxRegistrar: java.util.List getComponents()
androidx.appcompat.widget.Toolbar: void setTitleMarginEnd(int)
androidx.appcompat.widget.ActionBarOverlayLayout: void setHasNonEmbeddedTabs(boolean)
io.flutter.embedding.engine.systemchannels.PlatformChannel$HapticFeedbackType: io.flutter.embedding.engine.systemchannels.PlatformChannel$HapticFeedbackType valueOf(java.lang.String)
io.flutter.view.TextureRegistry$SurfaceProducer: void setSize(int,int)
androidx.core.widget.EdgeEffectCompat$Api31Impl: float onPullDistance(android.widget.EdgeEffect,float,float)
com.google.android.gms.common.api.internal.LifecycleCallback: com.google.android.gms.common.api.internal.LifecycleFragment getChimeraLifecycleFragmentImpl(com.google.android.gms.common.api.internal.LifecycleActivity)
androidx.appcompat.widget.ContentFrameLayout: void setAttachListener(androidx.appcompat.widget.ContentFrameLayout$OnAttachListener)
io.flutter.view.AccessibilityBridge$Flag: io.flutter.view.AccessibilityBridge$Flag[] values()
androidx.core.app.NotificationCompatBuilder$Api21Impl: android.app.Notification$Builder setCategory(android.app.Notification$Builder,java.lang.String)
io.flutter.plugin.editing.ImeSyncDeferringInsetsCallback: void remove()
androidx.appcompat.widget.AppCompatImageButton: void setSupportImageTintList(android.content.res.ColorStateList)
androidx.appcompat.widget.AppCompatImageButton: void setSupportBackgroundTintMode(android.graphics.PorterDuff$Mode)
androidx.core.app.NotificationCompatBuilder$Api26Impl: android.app.Notification$Builder setColorized(android.app.Notification$Builder,boolean)
androidx.core.widget.TextViewCompat$Api28Impl: void setFirstBaselineToTopHeight(android.widget.TextView,int)
androidx.appcompat.widget.ViewStubCompat: void setOnInflateListener(androidx.appcompat.widget.ViewStubCompat$OnInflateListener)